<?xml version="1.0" encoding="UTF-8"?>
<testng-results skipped="0" failed="0" ignored="0" total="3" passed="3">
  <reporter-output>
  </reporter-output>
  <suite name="Default suite" duration-ms="6450" started-at="2018-07-08T11:18:20Z" finished-at="2018-07-08T11:18:27Z">
    <groups>
    </groups>
    <test name="Default test" duration-ms="6450" started-at="2018-07-08T11:18:20Z" finished-at="2018-07-08T11:18:27Z">
      <class name="getrequest.getdata">
        <test-method status="PASS" signature="containsText()[pri:0, instance:getrequest.getdata@20e2cbe0]" name="containsText" duration-ms="5381" started-at="2018-07-08T11:18:20Z" finished-at="2018-07-08T11:18:26Z">
          <reporter-output>
          </reporter-output>
        </test-method> <!-- containsText -->
        <test-method status="PASS" signature="testResponcecode()[pri:0, instance:getrequest.getdata@20e2cbe0]" name="testResponcecode" duration-ms="561" started-at="2018-07-08T11:18:26Z" finished-at="2018-07-08T11:18:26Z">
          <reporter-output>
          </reporter-output>
        </test-method> <!-- testResponcecode -->
        <test-method status="PASS" signature="testcanListClassifieds()[pri:0, instance:getrequest.getdata@20e2cbe0]" name="testcanListClassifieds" duration-ms="433" started-at="2018-07-08T11:18:26Z" finished-at="2018-07-08T11:18:27Z">
          <reporter-output>
          </reporter-output>
        </test-method> <!-- testcanListClassifieds -->
      </class> <!-- getrequest.getdata -->
    </test> <!-- Default test -->
  </suite> <!-- Default suite -->
</testng-results>
